<?xml version="1.0" encoding="UTF-8"?>
<testng-results ignored="0" total="1" passed="1" failed="0" skipped="0">
  <reporter-output>
    <line>
      <![CDATA[Learning maven]]>
    </line>
  </reporter-output>
  <suite started-at="2024-07-26T15:21:48 IST" name="Default suite" finished-at="2024-07-26T15:21:48 IST" duration-ms="62">
    <groups>
    </groups>
    <test started-at="2024-07-26T15:21:48 IST" name="Default test" finished-at="2024-07-26T15:21:48 IST" duration-ms="62">
      <class name="Com.SampleTestScript.TestScript1">
        <test-method signature="executionScript()[pri:0, instance:Com.SampleTestScript.TestScript1@6221a451]" started-at="2024-07-26T15:21:48 IST" name="executionScript" finished-at="2024-07-26T15:21:48 IST" duration-ms="11" status="PASS">
          <reporter-output>
            <line>
              <![CDATA[Learning maven]]>
            </line>
          </reporter-output>
        </test-method> <!-- executionScript -->
      </class> <!-- Com.SampleTestScript.TestScript1 -->
    </test> <!-- Default test -->
  </suite> <!-- Default suite -->
</testng-results>
